c:\users\sarora\source\repos\codingblocks\codingblocks\debug\codingblocks.pch
c:\users\sarora\source\repos\codingblocks\codingblocks\debug\vc141.pdb
c:\users\sarora\source\repos\codingblocks\codingblocks\debug\vc141.idb
c:\users\sarora\source\repos\codingblocks\codingblocks\debug\stdafx.obj
c:\users\sarora\source\repos\codingblocks\codingblocks\debug\dec15_dp_cellmitosis.obj
c:\users\sarora\source\repos\codingblocks\codingblocks\debug\germanlotto.obj
c:\users\sarora\source\repos\codingblocks\codingblocks\debug\minimizetowerheightdifferences.obj
c:\users\sarora\source\repos\codingblocks\codingblocks\debug\phonepad.obj
c:\users\sarora\source\repos\codingblocks\codingblocks\debug\dec11_sudoku.obj
c:\users\sarora\source\repos\codingblocks\codingblocks\debug\dec13_busyman.obj
c:\users\sarora\source\repos\codingblocks\codingblocks\debug\dec13_nfactorial.obj
c:\users\sarora\source\repos\codingblocks\codingblocks\debug\dec13_spiralprint.obj
c:\users\sarora\source\repos\codingblocks\codingblocks\debug\dec13_vectors.obj
c:\users\sarora\source\repos\codingblocks\codingblocks\debug\dec7_backtrack_nqueen.obj
c:\users\sarora\source\repos\codingblocks\codingblocks\debug\bubblesort.obj
c:\users\sarora\source\repos\codingblocks\codingblocks\debug\codingblocks.obj
c:\users\sarora\source\repos\codingblocks\codingblocks\debug\dec11_findfirstoccurenceusingbinarysearch.obj
c:\users\sarora\source\repos\codingblocks\codingblocks\debug\helpers.obj
c:\users\sarora\source\repos\codingblocks\codingblocks\debug\platesminimumtrials.obj
c:\users\sarora\source\repos\codingblocks\codingblocks\debug\replacepi.obj
c:\users\sarora\source\repos\codingblocks\codingblocks\debug\samedaybirthdaypplcount.obj
c:\users\sarora\source\repos\codingblocks\codingblocks\debug\backtrack_stringpermutations.obj
c:\users\sarora\source\repos\codingblocks\codingblocks\debug\towersofhanoi.obj
c:\users\sarora\source\repos\codingblocks\codingblocks\debug\checksumstring.obj
c:\users\sarora\source\repos\codingblocks\codingblocks\debug\dec11_bs_sqrt.obj
c:\users\sarora\source\repos\codingblocks\codingblocks\debug\dec15_biggesttemplesite.obj
c:\users\sarora\source\repos\codingblocks\codingblocks\debug\dec15_coinchange.obj
c:\users\sarora\source\repos\codingblocks\codingblocks\debug\dec7_mergesort.obj
c:\users\sarora\source\repos\codingblocks\codingblocks\debug\dec25_tree.obj
c:\users\sarora\source\repos\codingblocks\debug\codingblocks.exe
c:\users\sarora\source\repos\codingblocks\debug\codingblocks.ilk
c:\users\sarora\source\repos\codingblocks\debug\codingblocks.pdb
c:\users\sarora\source\repos\codingblocks\codingblocks\debug\platesminimumtrials.obj.enc
c:\users\sarora\source\repos\codingblocks\codingblocks\debug\codingblocks.tlog\cl.command.1.tlog
c:\users\sarora\source\repos\codingblocks\codingblocks\debug\codingblocks.tlog\cl.read.1.tlog
c:\users\sarora\source\repos\codingblocks\codingblocks\debug\codingblocks.tlog\cl.write.1.tlog
c:\users\sarora\source\repos\codingblocks\codingblocks\debug\codingblocks.tlog\link.command.1.tlog
c:\users\sarora\source\repos\codingblocks\codingblocks\debug\codingblocks.tlog\link.read.1.tlog
c:\users\sarora\source\repos\codingblocks\codingblocks\debug\codingblocks.tlog\link.write.1.tlog
